<?xml version="1.0" encoding="UTF-8"?>
<!-- Generated by org.testng.reporters.JUnitReportReporter -->
<testsuite hostname="DESKTOP-GEOPS5P" name="com.TestNG.Annotations1" tests="2" failures="0" timestamp="18 Oct 2022 18:26:46 GMT" time="0.032" errors="0">
  <testcase name="inbox" time="0.032" classname="com.TestNG.Annotations1"/>
  <testcase name="applictionslaunch" time="0.000" classname="com.TestNG.Annotations1"/>
</testsuite> <!-- com.TestNG.Annotations1 -->
